▲ [WARNING] The character "}" is not valid inside a JSX element

    src/components/AE3View.jsx:917:13:
      917 │             )}
          │              ^
          ╵              {'}'}

  Did you mean to escape it as "{'}'}" instead?

X [ERROR] Expected "}" but found ";"

    src/components/AE3View.jsx:939:5:
      939 │     );
          │      ^
          ╵      }

1 warning and 1 error
node:child_process:921
    throw err;
    ^

Error: Command failed: C:\tel-101\node_modules\@esbuild\win32-x64\esbuild.exe src/components/AE3View.jsx
    at genericNodeError (node:internal/errors:983:15)
    at wrappedFn (node:internal/errors:537:14)
    at checkExecSyncError (node:child_process:882:11)
    at Object.execFileSync (node:child_process:918:15)
    at Object.<anonymous> (C:\tel-101\node_modules\esbuild\bin\esbuild:222:28)
    at Module._compile (node:internal/modules/cjs/loader:1565:14)
    at Object..js (node:internal/modules/cjs/loader:1708:10)
    at Module.load (node:internal/modules/cjs/loader:1318:32)
    at Function._load (node:internal/modules/cjs/loader:1128:12)
    at TracingChannel.traceSync (node:diagnostics_channel:322:14) {
  status: 1,
  signal: null,
  output: [ null, null, null ],
  pid: 9956,
  stdout: null,
  stderr: null
}

Node.js v22.12.0
